Using pre-set license
Built from '2020.3/release' branch; Version is '2020.3.12f1 (b3b2c6512326) revision 11776710'; Using compiler version '192528614'; Build Type 'Release'
OS: 'Windows 10 Home Single Language; OS build 22000.556; Version 2009; 64bit' Language: 'en' Physical Memory: 7959 MB
BatchMode: 1, IsHumanControllingUs: 0, StartBugReporterOnCrash: 0, Is64bit: 1, IsPro: 0

 COMMAND LINE ARGUMENTS:
C:\Program Files\Unity\Hub\Editor\2020.3.12f1\Editor\Unity.exe
-adb2
-batchMode
-noUpm
-name
AssetImportWorker0
-projectPath
C:/Users/Nizer/Desktop/Knights-Adventure-main
-logFile
Logs/AssetImportWorker0.log
-srvPort
51817
Successfully changed project path to: C:/Users/Nizer/Desktop/Knights-Adventure-main
C:/Users/Nizer/Desktop/Knights-Adventure-main
Using Asset Import Pipeline V2.
Refreshing native plugins compatible for Editor in 45.02 ms, found 3 plugins.
Preloading 0 native plugins for Editor in 0.00 ms.
Initialize engine version: 2020.3.12f1 (b3b2c6512326)
[Subsystems] Discovering subsystems at path C:/Program Files/Unity/Hub/Editor/2020.3.12f1/Editor/Data/Resources/UnitySubsystems
[Subsystems] Discovering subsystems at path C:/Users/Nizer/Desktop/Knights-Adventure-main/Assets
GfxDevice: creating device client; threaded=0
Direct3D:
    Version:  Direct3D 11.0 [level 11.1]
    Renderer: NVIDIA GeForce MX230 (ID=0x1d11)
    Vendor:   
    VRAM:     4028 MB
    Driver:   27.21.14.6231
Initialize mono
Mono path[0] = 'C:/Program Files/Unity/Hub/Editor/2020.3.12f1/Editor/Data/Managed'
Mono path[1] = 'C:/Program Files/Unity/Hub/Editor/2020.3.12f1/Editor/Data/MonoBleedingEdge/lib/mono/unityjit'
Mono config path = 'C:/Program Files/Unity/Hub/Editor/2020.3.12f1/Editor/Data/MonoBleedingEdge/etc'
Using monoOptions --debugger-agent=transport=dt_socket,embedding=1,server=y,suspend=n,address=127.0.0.1:56908
Begin MonoManager ReloadAssembly
Registering precompiled unity dll's ...
Register platform support module: C:/Program Files/Unity/Hub/Editor/2020.3.12f1/Editor/Data/PlaybackEngines/WindowsStandaloneSupport/UnityEditor.WindowsStandalone.Extensions.dll
Registered in 0.004710 seconds.
Native extension for WindowsStandalone target not found
Refreshing native plugins compatible for Editor in 50.19 ms, found 3 plugins.
Preloading 0 native plugins for Editor in 0.00 ms.
Mono: successfully reloaded assembly
- Completed reload, in  1.028 seconds
Platform modules already initialized, skipping
Registering precompiled user dll's ...
Registered in 0.009932 seconds.
Begin MonoManager ReloadAssembly
Native extension for WindowsStandalone target not found
Refreshing native plugins compatible for Editor in 50.68 ms, found 3 plugins.
Preloading 0 native plugins for Editor in 0.00 ms.
Mono: successfully reloaded assembly
- Completed reload, in  1.119 seconds
Platform modules already initialized, skipping
========================================================================
Worker process is ready to serve import requests
Launched and connected shader compiler UnityShaderCompiler.exe after 0.04 seconds
Refreshing native plugins compatible for Editor in 0.43 ms, found 3 plugins.
Preloading 0 native plugins for Editor in 0.00 ms.
Unloading 2335 Unused Serialized files (Serialized files now loaded: 0)
System memory in use before: 115.1 MB.
System memory in use after: 115.3 MB.

Unloading 30 unused Assets to reduce memory usage. Loaded Objects now: 2790.
Total: 2.060900 ms (FindLiveObjects: 0.172500 ms CreateObjectMapping: 0.080200 ms MarkObjects: 1.728600 ms  DeleteObjects: 0.078400 ms)

AssetImportParameters requested are different than current active one (requested -> active):
  custom:framework-win-MediaFoundation: 216162199b28c13a410421893ffa2e32 -> 
  custom:video-decoder-ogg-theora: a1e56fd34408186e4bbccfd4996cb3dc -> 
  custom:container-muxer-webm: aa71ff27fc2769a1b78a27578f13a17b -> 
  custom:container-demuxer-webm: 4f35f7cbe854078d1ac9338744f61a02 -> 
  custom:container-demuxer-ogg: 62fdf1f143b41e24485cea50d1cbac27 -> 
  custom:video-encoder-webm-vp8: eb34c28f22e8b96e1ab97ce403110664 -> 
  custom:video-codec-MediaFoundation-h265: 746d11721c4dcdbdad8f713fa42b33f4 -> 
  custom:video-decoder-webm-vp8: 9c59270c3fd7afecdb556c50c9e8de78 -> 
  custom:audio-decoder-ogg-vorbis: bf7c407c2cedff20999df2af8eb42d56 -> 
  custom:audio-encoder-webm-vorbis: bf7c407c2cedff20999df2af8eb42d56 -> 
========================================================================
Received Import Request.
  path: Assets/Screen Shake/Enemies screen shake.asset
  artifactKey: Guid(8ec943ac62eb2b54f80b5aa4053f29d4) Importer(815301076,1909f56bfc062723c751e8b465ee728b)
Start importing Assets/Screen Shake/Enemies screen shake.asset using Guid(8ec943ac62eb2b54f80b5aa4053f29d4) Importer(815301076,1909f56bfc062723c751e8b465ee728b)  -> (artifact id: '5d0b95d23a624f4b845f3c94c4b4d330') in 0.044062 seconds 
  Import took 0.048068 seconds .

========================================================================
Received Prepare
Registering precompiled user dll's ...
Registered in 0.004305 seconds.
Begin MonoManager ReloadAssembly
Native extension for WindowsStandalone target not found
Refreshing native plugins compatible for Editor in 0.55 ms, found 3 plugins.
Preloading 0 native plugins for Editor in 0.00 ms.
Mono: successfully reloaded assembly
- Completed reload, in  1.046 seconds
Platform modules already initialized, skipping
Refreshing native plugins compatible for Editor in 0.47 ms, found 3 plugins.
Preloading 0 native plugins for Editor in 0.00 ms.
Unloading 2307 Unused Serialized files (Serialized files now loaded: 0)
System memory in use before: 113.0 MB.
System memory in use after: 113.2 MB.

Unloading 18 unused Assets to reduce memory usage. Loaded Objects now: 2794.
Total: 2.194900 ms (FindLiveObjects: 0.330400 ms CreateObjectMapping: 0.102200 ms MarkObjects: 1.735300 ms  DeleteObjects: 0.025700 ms)

AssetImportParameters requested are different than current active one (requested -> active):
  custom:framework-win-MediaFoundation: 216162199b28c13a410421893ffa2e32 -> 
  custom:video-decoder-ogg-theora: a1e56fd34408186e4bbccfd4996cb3dc -> 
  custom:container-muxer-webm: aa71ff27fc2769a1b78a27578f13a17b -> 
  custom:container-demuxer-webm: 4f35f7cbe854078d1ac9338744f61a02 -> 
  custom:container-demuxer-ogg: 62fdf1f143b41e24485cea50d1cbac27 -> 
  custom:video-encoder-webm-vp8: eb34c28f22e8b96e1ab97ce403110664 -> 
  custom:video-codec-MediaFoundation-h265: 746d11721c4dcdbdad8f713fa42b33f4 -> 
  custom:video-decoder-webm-vp8: 9c59270c3fd7afecdb556c50c9e8de78 -> 
  custom:audio-decoder-ogg-vorbis: bf7c407c2cedff20999df2af8eb42d56 -> 
  custom:audio-encoder-webm-vorbis: bf7c407c2cedff20999df2af8eb42d56 -> 
========================================================================
Received Prepare
Registering precompiled user dll's ...
Registered in 0.003532 seconds.
Begin MonoManager ReloadAssembly
Native extension for WindowsStandalone target not found
Refreshing native plugins compatible for Editor in 0.49 ms, found 3 plugins.
Preloading 0 native plugins for Editor in 0.00 ms.
Mono: successfully reloaded assembly
- Completed reload, in  1.118 seconds
Platform modules already initialized, skipping
Refreshing native plugins compatible for Editor in 0.48 ms, found 3 plugins.
Preloading 0 native plugins for Editor in 0.00 ms.
Unloading 2307 Unused Serialized files (Serialized files now loaded: 0)
System memory in use before: 113.0 MB.
System memory in use after: 113.3 MB.

Unloading 18 unused Assets to reduce memory usage. Loaded Objects now: 2798.
Total: 1.941700 ms (FindLiveObjects: 0.171400 ms CreateObjectMapping: 0.073500 ms MarkObjects: 1.680800 ms  DeleteObjects: 0.015000 ms)

AssetImportParameters requested are different than current active one (requested -> active):
  custom:framework-win-MediaFoundation: 216162199b28c13a410421893ffa2e32 -> 
  custom:video-decoder-ogg-theora: a1e56fd34408186e4bbccfd4996cb3dc -> 
  custom:container-muxer-webm: aa71ff27fc2769a1b78a27578f13a17b -> 
  custom:container-demuxer-webm: 4f35f7cbe854078d1ac9338744f61a02 -> 
  custom:container-demuxer-ogg: 62fdf1f143b41e24485cea50d1cbac27 -> 
  custom:video-encoder-webm-vp8: eb34c28f22e8b96e1ab97ce403110664 -> 
  custom:video-codec-MediaFoundation-h265: 746d11721c4dcdbdad8f713fa42b33f4 -> 
  custom:video-decoder-webm-vp8: 9c59270c3fd7afecdb556c50c9e8de78 -> 
  custom:audio-decoder-ogg-vorbis: bf7c407c2cedff20999df2af8eb42d56 -> 
  custom:audio-encoder-webm-vorbis: bf7c407c2cedff20999df2af8eb42d56 -> 
========================================================================
Received Import Request.
  Time since last request: 461.719559 seconds.
  path: Assets/Prefabs/Enemy/Level-2/SpikeWorm.prefab
  artifactKey: Guid(dc01083d65598da4c9d5aeb4d5889c4b) Importer(815301076,1909f56bfc062723c751e8b465ee728b)
Start importing Assets/Prefabs/Enemy/Level-2/SpikeWorm.prefab using Guid(dc01083d65598da4c9d5aeb4d5889c4b) Importer(815301076,1909f56bfc062723c751e8b465ee728b)  -> (artifact id: 'dac4fed60a3f57ef937540bcb23594a8') in 0.107970 seconds 
  Import took 0.111914 seconds .

========================================================================
Received Import Request.
  Time since last request: 2.680586 seconds.
  path: Assets/Prefabs/Enemy/Level-2/SpikeWorm.prefab
  artifactKey: Guid(dc01083d65598da4c9d5aeb4d5889c4b) Importer(815301076,1909f56bfc062723c751e8b465ee728b)
Start importing Assets/Prefabs/Enemy/Level-2/SpikeWorm.prefab using Guid(dc01083d65598da4c9d5aeb4d5889c4b) Importer(815301076,1909f56bfc062723c751e8b465ee728b)  -> (artifact id: '7254aed44c81592285615b69f986d251') in 0.019258 seconds 
  Import took 0.026796 seconds .

========================================================================
Received Import Request.
  Time since last request: 5.048966 seconds.
  path: Assets/Prefabs/Enemy/Level-2/SpikeWorm.prefab
  artifactKey: Guid(dc01083d65598da4c9d5aeb4d5889c4b) Importer(815301076,1909f56bfc062723c751e8b465ee728b)
Start importing Assets/Prefabs/Enemy/Level-2/SpikeWorm.prefab using Guid(dc01083d65598da4c9d5aeb4d5889c4b) Importer(815301076,1909f56bfc062723c751e8b465ee728b)  -> (artifact id: 'b0e1c4167a27e917eb8a346918ffb08a') in 0.010764 seconds 
  Import took 0.015293 seconds .

========================================================================
Received Import Request.
  Time since last request: 1.991386 seconds.
  path: Assets/Prefabs/Enemy/Level-2/SpikeWorm.prefab
  artifactKey: Guid(dc01083d65598da4c9d5aeb4d5889c4b) Importer(815301076,1909f56bfc062723c751e8b465ee728b)
Start importing Assets/Prefabs/Enemy/Level-2/SpikeWorm.prefab using Guid(dc01083d65598da4c9d5aeb4d5889c4b) Importer(815301076,1909f56bfc062723c751e8b465ee728b)  -> (artifact id: '1da5948970d6064c599879eaf0cd86ee') in 0.017657 seconds 
  Import took 0.022998 seconds .

========================================================================
Received Import Request.
  Time since last request: 4.077387 seconds.
  path: Assets/Prefabs/Enemy/Level-2/SpikeWorm.prefab
  artifactKey: Guid(dc01083d65598da4c9d5aeb4d5889c4b) Importer(815301076,1909f56bfc062723c751e8b465ee728b)
Start importing Assets/Prefabs/Enemy/Level-2/SpikeWorm.prefab using Guid(dc01083d65598da4c9d5aeb4d5889c4b) Importer(815301076,1909f56bfc062723c751e8b465ee728b)  -> (artifact id: 'bc8178f124dfb0403ae71f8012cba052') in 0.017671 seconds 
  Import took 0.026297 seconds .

========================================================================
Received Import Request.
  Time since last request: 2.144877 seconds.
  path: Assets/Prefabs/Enemy/Level-2/SpikeWorm.prefab
  artifactKey: Guid(dc01083d65598da4c9d5aeb4d5889c4b) Importer(815301076,1909f56bfc062723c751e8b465ee728b)
Start importing Assets/Prefabs/Enemy/Level-2/SpikeWorm.prefab using Guid(dc01083d65598da4c9d5aeb4d5889c4b) Importer(815301076,1909f56bfc062723c751e8b465ee728b)  -> (artifact id: '34b3d04afc7ca660e09449b4c4cadf7e') in 0.012399 seconds 
  Import took 0.017218 seconds .

========================================================================
Received Import Request.
  Time since last request: 4.883562 seconds.
  path: Assets/Prefabs/Enemy/Level-2/SpikeWorm.prefab
  artifactKey: Guid(dc01083d65598da4c9d5aeb4d5889c4b) Importer(815301076,1909f56bfc062723c751e8b465ee728b)
Start importing Assets/Prefabs/Enemy/Level-2/SpikeWorm.prefab using Guid(dc01083d65598da4c9d5aeb4d5889c4b) Importer(815301076,1909f56bfc062723c751e8b465ee728b)  -> (artifact id: '6583c9ac302f55b6d82f7245c87ed51e') in 0.011421 seconds 
  Import took 0.015876 seconds .

========================================================================
Received Import Request.
  Time since last request: 4.309887 seconds.
  path: Assets/Prefabs/Enemy/Level-2/SpikeWorm.prefab
  artifactKey: Guid(dc01083d65598da4c9d5aeb4d5889c4b) Importer(815301076,1909f56bfc062723c751e8b465ee728b)
Start importing Assets/Prefabs/Enemy/Level-2/SpikeWorm.prefab using Guid(dc01083d65598da4c9d5aeb4d5889c4b) Importer(815301076,1909f56bfc062723c751e8b465ee728b)  -> (artifact id: '6450bd8b6cb5462fe7b7d45f865f42ed') in 0.016961 seconds 
  Import took 0.024345 seconds .

========================================================================
Received Import Request.
  Time since last request: 3.545841 seconds.
  path: Assets/Prefabs/Enemy/Level-2/SpikeWorm.prefab
  artifactKey: Guid(dc01083d65598da4c9d5aeb4d5889c4b) Importer(815301076,1909f56bfc062723c751e8b465ee728b)
Start importing Assets/Prefabs/Enemy/Level-2/SpikeWorm.prefab using Guid(dc01083d65598da4c9d5aeb4d5889c4b) Importer(815301076,1909f56bfc062723c751e8b465ee728b)  -> (artifact id: '3e8a75405463d912ea9c5e01ca57d939') in 0.024766 seconds 
  Import took 0.038205 seconds .

========================================================================
Received Import Request.
  Time since last request: 3.067070 seconds.
  path: Assets/Prefabs/Enemy/Level-2/SpikeWorm.prefab
  artifactKey: Guid(dc01083d65598da4c9d5aeb4d5889c4b) Importer(815301076,1909f56bfc062723c751e8b465ee728b)
Start importing Assets/Prefabs/Enemy/Level-2/SpikeWorm.prefab using Guid(dc01083d65598da4c9d5aeb4d5889c4b) Importer(815301076,1909f56bfc062723c751e8b465ee728b)  -> (artifact id: '803ec993591c306f8ce3893704e5f01d') in 0.018654 seconds 
  Import took 0.029476 seconds .

========================================================================
Received Import Request.
  Time since last request: 6.641438 seconds.
  path: Assets/Prefabs/Enemy/Level-2/SpikeWorm.prefab
  artifactKey: Guid(dc01083d65598da4c9d5aeb4d5889c4b) Importer(815301076,1909f56bfc062723c751e8b465ee728b)
Start importing Assets/Prefabs/Enemy/Level-2/SpikeWorm.prefab using Guid(dc01083d65598da4c9d5aeb4d5889c4b) Importer(815301076,1909f56bfc062723c751e8b465ee728b)  -> (artifact id: 'a6965b9c53f47028435cfb70522bdfaf') in 0.017331 seconds 
  Import took 0.025754 seconds .

========================================================================
Received Import Request.
  Time since last request: 8.932140 seconds.
  path: Assets/Prefabs/Enemy/Level-1/Cactus.prefab
  artifactKey: Guid(9530112b7b5da7149a7f244391e9799d) Importer(815301076,1909f56bfc062723c751e8b465ee728b)
Start importing Assets/Prefabs/Enemy/Level-1/Cactus.prefab using Guid(9530112b7b5da7149a7f244391e9799d) Importer(815301076,1909f56bfc062723c751e8b465ee728b)  -> (artifact id: 'dc99b417df65277f84c6fb7faa00d750') in 0.014753 seconds 
  Import took 0.020633 seconds .

========================================================================
Received Import Request.
  Time since last request: 26.296342 seconds.
  path: Assets/Prefabs/Enemy/Level-1/SlimeMonster.prefab
  artifactKey: Guid(06d5359b027060b449c279e21996dd4b) Importer(815301076,1909f56bfc062723c751e8b465ee728b)
Start importing Assets/Prefabs/Enemy/Level-1/SlimeMonster.prefab using Guid(06d5359b027060b449c279e21996dd4b) Importer(815301076,1909f56bfc062723c751e8b465ee728b)  -> (artifact id: '4cf514a33649c9ea95b20fd0c91b74da') in 0.013919 seconds 
  Import took 0.018154 seconds .

========================================================================
Received Import Request.
  Time since last request: 1.677762 seconds.
  path: Assets/Prefabs/Enemy/Level-1/Spike.prefab
  artifactKey: Guid(ac0a76b97557b624297b269ca6db83fd) Importer(815301076,1909f56bfc062723c751e8b465ee728b)
Start importing Assets/Prefabs/Enemy/Level-1/Spike.prefab using Guid(ac0a76b97557b624297b269ca6db83fd) Importer(815301076,1909f56bfc062723c751e8b465ee728b)  -> (artifact id: '648bcac92321cdc6e2e3469af8c53d67') in 0.012559 seconds 
  Import took 0.017159 seconds .

========================================================================
Received Import Request.
  Time since last request: 28.298693 seconds.
  path: Assets/Prefabs/Enemy/Level-1/SlimeMonster.prefab
  artifactKey: Guid(06d5359b027060b449c279e21996dd4b) Importer(815301076,1909f56bfc062723c751e8b465ee728b)
Start importing Assets/Prefabs/Enemy/Level-1/SlimeMonster.prefab using Guid(06d5359b027060b449c279e21996dd4b) Importer(815301076,1909f56bfc062723c751e8b465ee728b)  -> (artifact id: 'b77440d8f0eb18d50413d29eff3b4878') in 0.010772 seconds 
  Import took 0.016539 seconds .

========================================================================
Received Import Request.
  Time since last request: 0.003663 seconds.
  path: Assets/Prefabs/Enemy/Level-1/SlimeMonster.prefab
  artifactKey: Guid(06d5359b027060b449c279e21996dd4b) Importer(815301076,1909f56bfc062723c751e8b465ee728b)
Start importing Assets/Prefabs/Enemy/Level-1/SlimeMonster.prefab using Guid(06d5359b027060b449c279e21996dd4b) Importer(815301076,1909f56bfc062723c751e8b465ee728b)  -> (artifact id: 'b77440d8f0eb18d50413d29eff3b4878') in 0.008916 seconds 
  Import took 0.013166 seconds .

========================================================================
Received Prepare
Registering precompiled user dll's ...
Registered in 0.003404 seconds.
Begin MonoManager ReloadAssembly
Native extension for WindowsStandalone target not found
Refreshing native plugins compatible for Editor in 0.55 ms, found 3 plugins.
Preloading 0 native plugins for Editor in 0.00 ms.
Mono: successfully reloaded assembly
- Completed reload, in  1.123 seconds
Platform modules already initialized, skipping
Refreshing native plugins compatible for Editor in 0.48 ms, found 3 plugins.
Preloading 0 native plugins for Editor in 0.00 ms.
Unloading 2307 Unused Serialized files (Serialized files now loaded: 0)
System memory in use before: 116.1 MB.
System memory in use after: 116.3 MB.

Unloading 18 unused Assets to reduce memory usage. Loaded Objects now: 2809.
Total: 2.163000 ms (FindLiveObjects: 0.287100 ms CreateObjectMapping: 0.119700 ms MarkObjects: 1.733200 ms  DeleteObjects: 0.021300 ms)

AssetImportParameters requested are different than current active one (requested -> active):
  custom:framework-win-MediaFoundation: 216162199b28c13a410421893ffa2e32 -> 
  custom:video-decoder-ogg-theora: a1e56fd34408186e4bbccfd4996cb3dc -> 
  custom:container-muxer-webm: aa71ff27fc2769a1b78a27578f13a17b -> 
  custom:container-demuxer-webm: 4f35f7cbe854078d1ac9338744f61a02 -> 
  custom:container-demuxer-ogg: 62fdf1f143b41e24485cea50d1cbac27 -> 
  custom:video-encoder-webm-vp8: eb34c28f22e8b96e1ab97ce403110664 -> 
  custom:video-codec-MediaFoundation-h265: 746d11721c4dcdbdad8f713fa42b33f4 -> 
  custom:video-decoder-webm-vp8: 9c59270c3fd7afecdb556c50c9e8de78 -> 
  custom:audio-decoder-ogg-vorbis: bf7c407c2cedff20999df2af8eb42d56 -> 
  custom:audio-encoder-webm-vorbis: bf7c407c2cedff20999df2af8eb42d56 -> 
========================================================================
Received Prepare
Registering precompiled user dll's ...
Registered in 0.005999 seconds.
Begin MonoManager ReloadAssembly
Native extension for WindowsStandalone target not found
Refreshing native plugins compatible for Editor in 0.99 ms, found 3 plugins.
Preloading 0 native plugins for Editor in 0.00 ms.
Mono: successfully reloaded assembly
- Completed reload, in  3.261 seconds
Platform modules already initialized, skipping
Refreshing native plugins compatible for Editor in 1.85 ms, found 3 plugins.
Preloading 0 native plugins for Editor in 0.00 ms.
Unloading 2307 Unused Serialized files (Serialized files now loaded: 0)
System memory in use before: 116.1 MB.
System memory in use after: 116.3 MB.

Unloading 18 unused Assets to reduce memory usage. Loaded Objects now: 2813.
Total: 6.243900 ms (FindLiveObjects: 0.506400 ms CreateObjectMapping: 0.226400 ms MarkObjects: 5.448600 ms  DeleteObjects: 0.058800 ms)

AssetImportParameters requested are different than current active one (requested -> active):
  custom:framework-win-MediaFoundation: 216162199b28c13a410421893ffa2e32 -> 
  custom:video-decoder-ogg-theora: a1e56fd34408186e4bbccfd4996cb3dc -> 
  custom:container-muxer-webm: aa71ff27fc2769a1b78a27578f13a17b -> 
  custom:container-demuxer-webm: 4f35f7cbe854078d1ac9338744f61a02 -> 
  custom:container-demuxer-ogg: 62fdf1f143b41e24485cea50d1cbac27 -> 
  custom:video-encoder-webm-vp8: eb34c28f22e8b96e1ab97ce403110664 -> 
  custom:video-codec-MediaFoundation-h265: 746d11721c4dcdbdad8f713fa42b33f4 -> 
  custom:video-decoder-webm-vp8: 9c59270c3fd7afecdb556c50c9e8de78 -> 
  custom:audio-decoder-ogg-vorbis: bf7c407c2cedff20999df2af8eb42d56 -> 
  custom:audio-encoder-webm-vorbis: bf7c407c2cedff20999df2af8eb42d56 -> 
========================================================================
Received Import Request.
  Time since last request: 1428.134796 seconds.
  path: Assets/Lean/Common/Examples/Meshes/RoundedCube.obj
  artifactKey: Guid(f36c148914c8e05498dad1ca7becaa2e) Importer(815301076,1909f56bfc062723c751e8b465ee728b)
Start importing Assets/Lean/Common/Examples/Meshes/RoundedCube.obj using Guid(f36c148914c8e05498dad1ca7becaa2e) Importer(815301076,1909f56bfc062723c751e8b465ee728b)  -> (artifact id: '8efede78b739a132eb2204a1ae6eea7e') in 0.351415 seconds 
  Import took 0.358308 seconds .

========================================================================
Received Prepare
Registering precompiled user dll's ...
Registered in 0.023777 seconds.
Begin MonoManager ReloadAssembly
Native extension for WindowsStandalone target not found
Refreshing native plugins compatible for Editor in 1.44 ms, found 5 plugins.
Preloading 0 native plugins for Editor in 0.00 ms.
Mono: successfully reloaded assembly
- Completed reload, in  2.834 seconds
Platform modules already initialized, skipping
Refreshing native plugins compatible for Editor in 1.11 ms, found 5 plugins.
Preloading 0 native plugins for Editor in 0.00 ms.
Unloading 2326 Unused Serialized files (Serialized files now loaded: 0)
System memory in use before: 116.9 MB.
System memory in use after: 117.1 MB.

Unloading 36 unused Assets to reduce memory usage. Loaded Objects now: 2865.
Total: 3.628800 ms (FindLiveObjects: 0.320500 ms CreateObjectMapping: 0.138300 ms MarkObjects: 3.116000 ms  DeleteObjects: 0.052200 ms)

AssetImportParameters requested are different than current active one (requested -> active):
  custom:framework-win-MediaFoundation: 216162199b28c13a410421893ffa2e32 -> 
  custom:video-decoder-ogg-theora: a1e56fd34408186e4bbccfd4996cb3dc -> 
  custom:container-muxer-webm: aa71ff27fc2769a1b78a27578f13a17b -> 
  custom:container-demuxer-webm: 4f35f7cbe854078d1ac9338744f61a02 -> 
  custom:container-demuxer-ogg: 62fdf1f143b41e24485cea50d1cbac27 -> 
  custom:video-encoder-webm-vp8: eb34c28f22e8b96e1ab97ce403110664 -> 
  custom:video-codec-MediaFoundation-h265: 746d11721c4dcdbdad8f713fa42b33f4 -> 
  custom:video-decoder-webm-vp8: 9c59270c3fd7afecdb556c50c9e8de78 -> 
  custom:audio-decoder-ogg-vorbis: bf7c407c2cedff20999df2af8eb42d56 -> 
  custom:audio-encoder-webm-vorbis: bf7c407c2cedff20999df2af8eb42d56 -> 
========================================================================
Received Prepare
Registering precompiled user dll's ...
Registered in 0.013969 seconds.
Begin MonoManager ReloadAssembly
Native extension for WindowsStandalone target not found
Refreshing native plugins compatible for Editor in 0.97 ms, found 5 plugins.
Preloading 0 native plugins for Editor in 0.00 ms.
Mono: successfully reloaded assembly
- Completed reload, in  2.218 seconds
Platform modules already initialized, skipping
Refreshing native plugins compatible for Editor in 0.91 ms, found 5 plugins.
Preloading 0 native plugins for Editor in 0.00 ms.
Unloading 2326 Unused Serialized files (Serialized files now loaded: 0)
System memory in use before: 117.1 MB.
System memory in use after: 117.3 MB.

Unloading 35 unused Assets to reduce memory usage. Loaded Objects now: 2869.
Total: 3.192600 ms (FindLiveObjects: 0.273600 ms CreateObjectMapping: 0.143800 ms MarkObjects: 2.729700 ms  DeleteObjects: 0.043000 ms)

AssetImportParameters requested are different than current active one (requested -> active):
  custom:framework-win-MediaFoundation: 216162199b28c13a410421893ffa2e32 -> 
  custom:video-decoder-ogg-theora: a1e56fd34408186e4bbccfd4996cb3dc -> 
  custom:container-muxer-webm: aa71ff27fc2769a1b78a27578f13a17b -> 
  custom:container-demuxer-webm: 4f35f7cbe854078d1ac9338744f61a02 -> 
  custom:container-demuxer-ogg: 62fdf1f143b41e24485cea50d1cbac27 -> 
  custom:video-encoder-webm-vp8: eb34c28f22e8b96e1ab97ce403110664 -> 
  custom:video-codec-MediaFoundation-h265: 746d11721c4dcdbdad8f713fa42b33f4 -> 
  custom:video-decoder-webm-vp8: 9c59270c3fd7afecdb556c50c9e8de78 -> 
  custom:audio-decoder-ogg-vorbis: bf7c407c2cedff20999df2af8eb42d56 -> 
  custom:audio-encoder-webm-vorbis: bf7c407c2cedff20999df2af8eb42d56 -> 
========================================================================
Received Prepare
Registering precompiled user dll's ...
Registered in 0.042126 seconds.
Begin MonoManager ReloadAssembly
Native extension for WindowsStandalone target not found
Refreshing native plugins compatible for Editor in 4.23 ms, found 5 plugins.
Preloading 0 native plugins for Editor in 0.00 ms.
Mono: successfully reloaded assembly
- Completed reload, in  7.448 seconds
Platform modules already initialized, skipping
Refreshing native plugins compatible for Editor in 2.78 ms, found 5 plugins.
Preloading 0 native plugins for Editor in 0.00 ms.
Unloading 2326 Unused Serialized files (Serialized files now loaded: 0)
System memory in use before: 117.1 MB.
System memory in use after: 117.3 MB.

Unloading 35 unused Assets to reduce memory usage. Loaded Objects now: 2873.
Total: 18.869400 ms (FindLiveObjects: 2.867300 ms CreateObjectMapping: 0.618400 ms MarkObjects: 15.210300 ms  DeleteObjects: 0.162300 ms)

AssetImportParameters requested are different than current active one (requested -> active):
  custom:framework-win-MediaFoundation: 216162199b28c13a410421893ffa2e32 -> 
  custom:video-decoder-ogg-theora: a1e56fd34408186e4bbccfd4996cb3dc -> 
  custom:container-muxer-webm: aa71ff27fc2769a1b78a27578f13a17b -> 
  custom:container-demuxer-webm: 4f35f7cbe854078d1ac9338744f61a02 -> 
  custom:container-demuxer-ogg: 62fdf1f143b41e24485cea50d1cbac27 -> 
  custom:video-encoder-webm-vp8: eb34c28f22e8b96e1ab97ce403110664 -> 
  custom:video-codec-MediaFoundation-h265: 746d11721c4dcdbdad8f713fa42b33f4 -> 
  custom:video-decoder-webm-vp8: 9c59270c3fd7afecdb556c50c9e8de78 -> 
  custom:audio-decoder-ogg-vorbis: bf7c407c2cedff20999df2af8eb42d56 -> 
  custom:audio-encoder-webm-vorbis: bf7c407c2cedff20999df2af8eb42d56 -> 
AssetImportWorkerClient::OnTransportError - code=2 error=End of file
